# JRE version: OpenJDK Runtime Environment (11.0.10) (build 11.0.10+0-b96-7249189)
# Java VM: OpenJDK 64-Bit Server VM (11.0.10+0-b96-7249189, mixed mode, tiered, compressed oops, g1 gc, linux-amd64)
Heap:
 garbage-first heap   total 264192K, used 153444K [0x0000000080000000, 0x0000000100000000)
  region size 1024K, 22 young (22528K), 1 survivors (1024K)
 Metaspace       used 105349K, capacity 107839K, committed 109220K, reserved 1144832K
  class space    used 13478K, capacity 14364K, committed 14720K, reserved 1048576K
GC Heap History (20 events):
Event: 10,684 GC heap before
{Heap before GC invocations=29 (full 0):
 garbage-first heap   total 220160K, used 176427K [0x0000000080000000, 0x0000000100000000)
  region size 1024K, 69 young (70656K), 8 survivors (8192K)
 Metaspace       used 96246K, capacity 98471K, committed 99364K, reserved 1136640K
  class space    used 12441K, capacity 13250K, committed 13312K, reserved 1048576K
}
Event: 10,693 GC heap after
{Heap after GC invocations=30 (full 0):
 garbage-first heap   total 264192K, used 117470K [0x0000000080000000, 0x0000000100000000)
  region size 1024K, 7 young (7168K), 7 survivors (7168K)
 Metaspace       used 96246K, capacity 98471K, committed 99364K, reserved 1136640K
  class space    used 12441K, capacity 13250K, committed 13312K, reserved 1048576K
}
Event: 12,261 GC heap before
{Heap before GC invocations=31 (full 0):
 garbage-first heap   total 264192K, used 197342K [0x0000000080000000, 0x0000000100000000)
  region size 1024K, 85 young (87040K), 7 survivors (7168K)
 Metaspace       used 103271K, capacity 105841K, committed 106148K, reserved 1140736K
  class space    used 13461K, capacity 14414K, committed 14464K, reserved 1048576K
}
Event: 12,290 GC heap after
{Heap after GC invocations=32 (full 0):
 garbage-first heap   total 264192K, used 116294K [0x0000000080000000, 0x0000000100000000)
  region size 1024K, 8 young (8192K), 8 survivors (8192K)
 Metaspace       used 103271K, capacity 105841K, committed 106148K, reserved 1140736K
  class space    used 13461K, capacity 14414K, committed 14464K, reserved 1048576K
}
Event: 41,697 GC heap before
{Heap before GC invocations=32 (full 0):
 garbage-first heap   total 264192K, used 161350K [0x0000000080000000, 0x0000000100000000)
  region size 1024K, 47 young (48128K), 8 survivors (8192K)
 Metaspace       used 103796K, capacity 106496K, committed 106660K, reserved 1142784K
  class space    used 13492K, capacity 14459K, committed 14464K, reserved 1048576K
}
Event: 41,728 GC heap after
{Heap after GC invocations=33 (full 0):
 garbage-first heap   total 264192K, used 125371K [0x0000000080000000, 0x0000000100000000)
  region size 1024K, 7 young (7168K), 7 survivors (7168K)
 Metaspace       used 103796K, capacity 106496K, committed 106660K, reserved 1142784K
  class space    used 13492K, capacity 14459K, committed 14464K, reserved 1048576K
}
Event: 42,082 GC heap before
{Heap before GC invocations=34 (full 0):
 garbage-first heap   total 264192K, used 207291K [0x0000000080000000, 0x0000000100000000)
  region size 1024K, 79 young (80896K), 7 survivors (7168K)
 Metaspace       used 104164K, capacity 106892K, committed 107044K, reserved 1142784K
  class space    used 13520K, capacity 14504K, committed 14592K, reserved 1048576K
}
Event: 42,119 GC heap after
{Heap after GC invocations=35 (full 0):
 garbage-first heap   total 264192K, used 141541K [0x0000000080000000, 0x0000000100000000)
  region size 1024K, 11 young (11264K), 11 survivors (11264K)
 Metaspace       used 104164K, capacity 106892K, committed 107044K, reserved 1142784K
  class space    used 13520K, capacity 14504K, committed 14592K, reserved 1048576K
}
Event: 42,450 GC heap before
{Heap before GC invocations=36 (full 0):
 garbage-first heap   total 264192K, used 225509K [0x0000000080000000, 0x0000000100000000)
  region size 1024K, 77 young (78848K), 11 survivors (11264K)
 Metaspace       used 104412K, capacity 107148K, committed 107300K, reserved 1142784K
  class space    used 13520K, capacity 14504K, committed 14592K, reserved 1048576K
}
Event: 42,471 GC heap after
{Heap after GC invocations=37 (full 0):
 garbage-first heap   total 264192K, used 156055K [0x0000000080000000, 0x0000000100000000)
  region size 1024K, 8 young (8192K), 8 survivors (8192K)
 Metaspace       used 104412K, capacity 107148K, committed 107300K, reserved 1142784K
  class space    used 13520K, capacity 14504K, committed 14592K, reserved 1048576K
}
Event: 42,495 GC heap before
{Heap before GC invocations=37 (full 0):
 garbage-first heap   total 264192K, used 160151K [0x0000000080000000, 0x0000000100000000)
  region size 1024K, 12 young (12288K), 8 survivors (8192K)
 Metaspace       used 104420K, capacity 107148K, committed 107300K, reserved 1142784K
  class space    used 13520K, capacity 14504K, committed 14592K, reserved 1048576K
}
Event: 42,504 GC heap after
{Heap after GC invocations=38 (full 0):
 garbage-first heap   total 264192K, used 154760K [0x0000000080000000, 0x0000000100000000)
  region size 1024K, 2 young (2048K), 2 survivors (2048K)
 Metaspace       used 104420K, capacity 107148K, committed 107300K, reserved 1142784K
  class space    used 13520K, capacity 14504K, committed 14592K, reserved 1048576K
}
Event: 1226,185 GC heap before
{Heap before GC invocations=38 (full 0):
 garbage-first heap   total 264192K, used 214152K [0x0000000080000000, 0x0000000100000000)
  region size 1024K, 61 young (62464K), 2 survivors (2048K)
 Metaspace       used 105041K, capacity 107753K, committed 108068K, reserved 1142784K
  class space    used 13531K, capacity 14522K, committed 14592K, reserved 1048576K
}
Event: 1226,296 GC heap after
{Heap after GC invocations=39 (full 0):
 garbage-first heap   total 264192K, used 151313K [0x0000000080000000, 0x0000000100000000)
  region size 1024K, 3 young (3072K), 3 survivors (3072K)
 Metaspace       used 105041K, capacity 107753K, committed 108068K, reserved 1142784K
  class space    used 13531K, capacity 14522K, committed 14592K, reserved 1048576K
}
Event: 4081,367 GC heap before
{Heap before GC invocations=40 (full 0):
 garbage-first heap   total 264192K, used 216849K [0x0000000080000000, 0x0000000100000000)
  region size 1024K, 67 young (68608K), 3 survivors (3072K)
 Metaspace       used 105153K, capacity 107922K, committed 108068K, reserved 1142784K
  class space    used 13527K, capacity 14514K, committed 14592K, reserved 1048576K
}
Event: 4081,564 GC heap after
{Heap after GC invocations=41 (full 0):
 garbage-first heap   total 264192K, used 151221K [0x0000000080000000, 0x0000000100000000)
  region size 1024K, 3 young (3072K), 3 survivors (3072K)
 Metaspace       used 105153K, capacity 107922K, committed 108068K, reserved 1142784K
  class space    used 13527K, capacity 14514K, committed 14592K, reserved 1048576K
}
Event: 4491,362 GC heap before
{Heap before GC invocations=41 (full 0):
 garbage-first heap   total 264192K, used 160437K [0x0000000080000000, 0x0000000100000000)
  region size 1024K, 12 young (12288K), 3 survivors (3072K)
 Metaspace       used 105153K, capacity 107922K, committed 108068K, reserved 1142784K
  class space    used 13527K, capacity 14514K, committed 14592K, reserved 1048576K
}
Event: 4491,465 GC heap after
{Heap after GC invocations=42 (full 0):
 garbage-first heap   total 264192K, used 147943K [0x0000000080000000, 0x0000000100000000)
  region size 1024K, 1 young (1024K), 1 survivors (1024K)
 Metaspace       used 105153K, capacity 107922K, committed 108068K, reserved 1142784K
  class space    used 13527K, capacity 14514K, committed 14592K, reserved 1048576K
}
Event: 7081,174 GC heap before
{Heap before GC invocations=42 (full 0):
 garbage-first heap   total 264192K, used 216551K [0x0000000080000000, 0x0000000100000000)
  region size 1024K, 68 young (69632K), 1 survivors (1024K)
 Metaspace       used 105481K, capacity 108270K, committed 108452K, reserved 1142784K
  class space    used 13580K, capacity 14608K, committed 14720K, reserved 1048576K
}
Event: 7081,323 GC heap after
{Heap after GC invocations=43 (full 0):
 garbage-first heap   total 264192K, used 148324K [0x0000000080000000, 0x0000000100000000)
  region size 1024K, 1 young (1024K), 1 survivors (1024K)
 Metaspace       used 105481K, capacity 108270K, committed 108452K, reserved 1142784K
  class space    used 13580K, capacity 14608K, committed 14720K, reserved 1048576K
}

